[0.012s] Invoking command in '/home/tobia2/ECE484/project-site-no-more-duiving/gem_sim/src/build/gem_description': CMAKE_PREFIX_PATH=${CMAKE_PREFIX_PATH}:/opt/ros/humble /usr/bin/cmake /home/tobia2/ECE484/project-site-no-more-duiving/gem_sim/src/gem_simulator/gem_description -DAMENT_CMAKE_SYMLINK_INSTALL=1 -DCMAKE_INSTALL_PREFIX=/home/tobia2/ECE484/project-site-no-more-duiving/gem_sim/src/install/gem_description
[0.071s] -- The C compiler identification is GNU 11.4.0
[0.125s] -- The CXX compiler identification is GNU 11.4.0
[0.132s] -- Detecting C compiler ABI info
[0.197s] -- Detecting C compiler ABI info - done
[0.205s] -- Check for working C compiler: /usr/bin/cc - skipped
[0.206s] -- Detecting C compile features
[0.206s] -- Detecting C compile features - done
[0.209s] -- Detecting CXX compiler ABI info
[0.280s] -- Detecting CXX compiler ABI info - done
[0.294s] -- Check for working CXX compiler: /usr/bin/c++ - skipped
[0.294s] -- Detecting CXX compile features
[0.295s] -- Detecting CXX compile features - done
[0.298s] -- Found ament_cmake: 1.3.13 (/opt/ros/humble/share/ament_cmake/cmake)
[0.924s] -- Found Python3: /usr/bin/python3 (found version "3.10.12") found components: Interpreter 
[0.977s] -- Override CMake install command with custom implementation using symlinks instead of copying resources
[1.000s] -- Found xacro: 2.1.1 (/opt/ros/humble/share/xacro/cmake)
[1.060s] -- Configuring done
[1.064s] -- Generating done
[1.067s] -- Build files have been written to: /home/tobia2/ECE484/project-site-no-more-duiving/gem_sim/src/build/gem_description
[1.071s] Invoked command in '/home/tobia2/ECE484/project-site-no-more-duiving/gem_sim/src/build/gem_description' returned '0': CMAKE_PREFIX_PATH=${CMAKE_PREFIX_PATH}:/opt/ros/humble /usr/bin/cmake /home/tobia2/ECE484/project-site-no-more-duiving/gem_sim/src/gem_simulator/gem_description -DAMENT_CMAKE_SYMLINK_INSTALL=1 -DCMAKE_INSTALL_PREFIX=/home/tobia2/ECE484/project-site-no-more-duiving/gem_sim/src/install/gem_description
[1.072s] Invoking command in '/home/tobia2/ECE484/project-site-no-more-duiving/gem_sim/src/build/gem_description': CMAKE_PREFIX_PATH=${CMAKE_PREFIX_PATH}:/opt/ros/humble /usr/bin/cmake --build /home/tobia2/ECE484/project-site-no-more-duiving/gem_sim/src/build/gem_description -- -j12 -l12
[1.110s] Invoked command in '/home/tobia2/ECE484/project-site-no-more-duiving/gem_sim/src/build/gem_description' returned '0': CMAKE_PREFIX_PATH=${CMAKE_PREFIX_PATH}:/opt/ros/humble /usr/bin/cmake --build /home/tobia2/ECE484/project-site-no-more-duiving/gem_sim/src/build/gem_description -- -j12 -l12
[1.120s] Invoking command in '/home/tobia2/ECE484/project-site-no-more-duiving/gem_sim/src/build/gem_description': CMAKE_PREFIX_PATH=${CMAKE_PREFIX_PATH}:/opt/ros/humble /usr/bin/cmake --install /home/tobia2/ECE484/project-site-no-more-duiving/gem_sim/src/build/gem_description
[1.127s] -- Install configuration: ""
[1.127s] -- Execute custom install script
[1.127s] -- Symlinking: /home/tobia2/ECE484/project-site-no-more-duiving/gem_sim/src/install/gem_description/share/gem_description/launch/gem_description.launch.py
[1.137s] -- Symlinking: /home/tobia2/ECE484/project-site-no-more-duiving/gem_sim/src/install/gem_description/share/gem_description/urdf/gem.gazebo
[1.145s] -- Symlinking: /home/tobia2/ECE484/project-site-no-more-duiving/gem_sim/src/install/gem_description/share/gem_description/urdf/gem.urdf.xacro
[1.154s] -- Symlinking: /home/tobia2/ECE484/project-site-no-more-duiving/gem_sim/src/install/gem_description/share/gem_description/urdf/macros.xacro
[1.162s] -- Symlinking: /home/tobia2/ECE484/project-site-no-more-duiving/gem_sim/src/install/gem_description/share/gem_description/urdf/materials.xacro
[1.170s] -- Symlinking: /home/tobia2/ECE484/project-site-no-more-duiving/gem_sim/src/install/gem_description/share/gem_description/meshes/base_link.STL
[1.179s] -- Symlinking: /home/tobia2/ECE484/project-site-no-more-duiving/gem_sim/src/install/gem_description/share/gem_description/meshes/chair_link.STL
[1.187s] -- Symlinking: /home/tobia2/ECE484/project-site-no-more-duiving/gem_sim/src/install/gem_description/share/gem_description/meshes/door_link.STL
[1.196s] -- Symlinking: /home/tobia2/ECE484/project-site-no-more-duiving/gem_sim/src/install/gem_description/share/gem_description/meshes/front_camera_link.STL
[1.203s] -- Symlinking: /home/tobia2/ECE484/project-site-no-more-duiving/gem_sim/src/install/gem_description/share/gem_description/meshes/front_left_emergency_button_link.STL
[1.213s] -- Symlinking: /home/tobia2/ECE484/project-site-no-more-duiving/gem_sim/src/install/gem_description/share/gem_description/meshes/front_left_head_light_link.STL
[1.224s] -- Symlinking: /home/tobia2/ECE484/project-site-no-more-duiving/gem_sim/src/install/gem_description/share/gem_description/meshes/front_left_turn_light_link.STL
[1.232s] -- Symlinking: /home/tobia2/ECE484/project-site-no-more-duiving/gem_sim/src/install/gem_description/share/gem_description/meshes/front_left_wheel_link.STL
[1.239s] -- Symlinking: /home/tobia2/ECE484/project-site-no-more-duiving/gem_sim/src/install/gem_description/share/gem_description/meshes/front_rack_link.STL
[1.247s] -- Symlinking: /home/tobia2/ECE484/project-site-no-more-duiving/gem_sim/src/install/gem_description/share/gem_description/meshes/front_right_emergency_button_link.STL
[1.255s] -- Symlinking: /home/tobia2/ECE484/project-site-no-more-duiving/gem_sim/src/install/gem_description/share/gem_description/meshes/front_right_head_light_link.STL
[1.264s] -- Symlinking: /home/tobia2/ECE484/project-site-no-more-duiving/gem_sim/src/install/gem_description/share/gem_description/meshes/front_right_turn_light_link.STL
[1.272s] -- Symlinking: /home/tobia2/ECE484/project-site-no-more-duiving/gem_sim/src/install/gem_description/share/gem_description/meshes/front_right_wheel_link.STL
[1.281s] -- Symlinking: /home/tobia2/ECE484/project-site-no-more-duiving/gem_sim/src/install/gem_description/share/gem_description/meshes/left_I_link.STL
[1.290s] -- Symlinking: /home/tobia2/ECE484/project-site-no-more-duiving/gem_sim/src/install/gem_description/share/gem_description/meshes/left_antenna_link.STL
[1.298s] -- Symlinking: /home/tobia2/ECE484/project-site-no-more-duiving/gem_sim/src/install/gem_description/share/gem_description/meshes/left_blue_outer_link.STL
[1.305s] -- Symlinking: /home/tobia2/ECE484/project-site-no-more-duiving/gem_sim/src/install/gem_description/share/gem_description/meshes/left_fixed_hinge_link.STL
[1.314s] -- Symlinking: /home/tobia2/ECE484/project-site-no-more-duiving/gem_sim/src/install/gem_description/share/gem_description/meshes/left_steering_hinge_link.STL
[1.322s] -- Symlinking: /home/tobia2/ECE484/project-site-no-more-duiving/gem_sim/src/install/gem_description/share/gem_description/meshes/rear_left_emergency_button_link.STL
[1.330s] -- Symlinking: /home/tobia2/ECE484/project-site-no-more-duiving/gem_sim/src/install/gem_description/share/gem_description/meshes/rear_left_light_link.STL
[1.338s] -- Symlinking: /home/tobia2/ECE484/project-site-no-more-duiving/gem_sim/src/install/gem_description/share/gem_description/meshes/rear_left_stop_light_link.STL
[1.346s] -- Symlinking: /home/tobia2/ECE484/project-site-no-more-duiving/gem_sim/src/install/gem_description/share/gem_description/meshes/rear_left_wheel_link.STL
[1.354s] -- Symlinking: /home/tobia2/ECE484/project-site-no-more-duiving/gem_sim/src/install/gem_description/share/gem_description/meshes/rear_light_bar_link.STL
[1.362s] -- Symlinking: /home/tobia2/ECE484/project-site-no-more-duiving/gem_sim/src/install/gem_description/share/gem_description/meshes/rear_rack_link.STL
[1.370s] -- Symlinking: /home/tobia2/ECE484/project-site-no-more-duiving/gem_sim/src/install/gem_description/share/gem_description/meshes/rear_right_emergency_button_link.STL
[1.377s] -- Symlinking: /home/tobia2/ECE484/project-site-no-more-duiving/gem_sim/src/install/gem_description/share/gem_description/meshes/rear_right_light_link.STL
[1.385s] -- Symlinking: /home/tobia2/ECE484/project-site-no-more-duiving/gem_sim/src/install/gem_description/share/gem_description/meshes/rear_right_stop_light_link.STL
[1.393s] -- Symlinking: /home/tobia2/ECE484/project-site-no-more-duiving/gem_sim/src/install/gem_description/share/gem_description/meshes/rear_right_wheel_link.STL
[1.401s] -- Symlinking: /home/tobia2/ECE484/project-site-no-more-duiving/gem_sim/src/install/gem_description/share/gem_description/meshes/right_I_link.STL
[1.410s] -- Symlinking: /home/tobia2/ECE484/project-site-no-more-duiving/gem_sim/src/install/gem_description/share/gem_description/meshes/right_antenna_link.STL
[1.418s] -- Symlinking: /home/tobia2/ECE484/project-site-no-more-duiving/gem_sim/src/install/gem_description/share/gem_description/meshes/right_blue_outer_link.STL
[1.427s] -- Symlinking: /home/tobia2/ECE484/project-site-no-more-duiving/gem_sim/src/install/gem_description/share/gem_description/meshes/right_fixed_hinge_link.STL
[1.435s] -- Symlinking: /home/tobia2/ECE484/project-site-no-more-duiving/gem_sim/src/install/gem_description/share/gem_description/meshes/right_steering_hinge_link.STL
[1.443s] -- Symlinking: /home/tobia2/ECE484/project-site-no-more-duiving/gem_sim/src/install/gem_description/share/gem_description/meshes/top_rack_link.STL
[1.452s] -- Symlinking: /home/tobia2/ECE484/project-site-no-more-duiving/gem_sim/src/install/gem_description/share/gem_description/rviz/gem.rviz
[1.460s] -- Symlinking: /home/tobia2/ECE484/project-site-no-more-duiving/gem_sim/src/install/gem_description/share/ament_index/resource_index/package_run_dependencies/gem_description
[1.468s] -- Symlinking: /home/tobia2/ECE484/project-site-no-more-duiving/gem_sim/src/install/gem_description/share/ament_index/resource_index/parent_prefix_path/gem_description
[1.477s] -- Symlinking: /home/tobia2/ECE484/project-site-no-more-duiving/gem_sim/src/install/gem_description/share/gem_description/environment/ament_prefix_path.sh
[1.484s] -- Symlinking: /home/tobia2/ECE484/project-site-no-more-duiving/gem_sim/src/install/gem_description/share/gem_description/environment/ament_prefix_path.dsv
[1.492s] -- Symlinking: /home/tobia2/ECE484/project-site-no-more-duiving/gem_sim/src/install/gem_description/share/gem_description/environment/path.sh
[1.500s] -- Symlinking: /home/tobia2/ECE484/project-site-no-more-duiving/gem_sim/src/install/gem_description/share/gem_description/environment/path.dsv
[1.508s] -- Symlinking: /home/tobia2/ECE484/project-site-no-more-duiving/gem_sim/src/install/gem_description/share/gem_description/local_setup.bash
[1.516s] -- Symlinking: /home/tobia2/ECE484/project-site-no-more-duiving/gem_sim/src/install/gem_description/share/gem_description/local_setup.sh
[1.525s] -- Symlinking: /home/tobia2/ECE484/project-site-no-more-duiving/gem_sim/src/install/gem_description/share/gem_description/local_setup.zsh
[1.532s] -- Symlinking: /home/tobia2/ECE484/project-site-no-more-duiving/gem_sim/src/install/gem_description/share/gem_description/local_setup.dsv
[1.541s] -- Symlinking: /home/tobia2/ECE484/project-site-no-more-duiving/gem_sim/src/install/gem_description/share/gem_description/package.dsv
[1.549s] -- Symlinking: /home/tobia2/ECE484/project-site-no-more-duiving/gem_sim/src/install/gem_description/share/ament_index/resource_index/packages/gem_description
[1.557s] -- Symlinking: /home/tobia2/ECE484/project-site-no-more-duiving/gem_sim/src/install/gem_description/share/gem_description/cmake/gem_descriptionConfig.cmake
[1.565s] -- Symlinking: /home/tobia2/ECE484/project-site-no-more-duiving/gem_sim/src/install/gem_description/share/gem_description/cmake/gem_descriptionConfig-version.cmake
[1.573s] -- Symlinking: /home/tobia2/ECE484/project-site-no-more-duiving/gem_sim/src/install/gem_description/share/gem_description/package.xml
[1.583s] Invoked command in '/home/tobia2/ECE484/project-site-no-more-duiving/gem_sim/src/build/gem_description' returned '0': CMAKE_PREFIX_PATH=${CMAKE_PREFIX_PATH}:/opt/ros/humble /usr/bin/cmake --install /home/tobia2/ECE484/project-site-no-more-duiving/gem_sim/src/build/gem_description
