[0.012s] Invoking command in '/home/tobia2/ECE484/project-site-no-more-duiving/gem_sim/src/build/mp1': CMAKE_PREFIX_PATH=${CMAKE_PREFIX_PATH}:/opt/ros/humble /usr/bin/cmake /home/tobia2/ECE484/project-site-no-more-duiving/gem_sim/src/mp1 -DAMENT_CMAKE_SYMLINK_INSTALL=1 -DCMAKE_INSTALL_PREFIX=/home/tobia2/ECE484/project-site-no-more-duiving/gem_sim/src/install/mp1
[0.067s] -- The C compiler identification is GNU 11.4.0
[0.115s] -- The CXX compiler identification is GNU 11.4.0
[0.121s] -- Detecting C compiler ABI info
[0.184s] -- Detecting C compiler ABI info - done
[0.194s] -- Check for working C compiler: /usr/bin/cc - skipped
[0.195s] -- Detecting C compile features
[0.195s] -- Detecting C compile features - done
[0.198s] -- Detecting CXX compiler ABI info
[0.272s] -- Detecting CXX compiler ABI info - done
[0.282s] -- Check for working CXX compiler: /usr/bin/c++ - skipped
[0.282s] -- Detecting CXX compile features
[0.283s] -- Detecting CXX compile features - done
[0.285s] -- Found ament_cmake: 1.3.13 (/opt/ros/humble/share/ament_cmake/cmake)
[1.020s] -- Found Python3: /usr/bin/python3 (found version "3.10.12") found components: Interpreter 
[1.089s] -- Override CMake install command with custom implementation using symlinks instead of copying resources
[1.112s] -- Found rclpy: 3.3.20 (/opt/ros/humble/share/rclpy/cmake)
[1.114s] -- Found std_msgs: 4.9.1 (/opt/ros/humble/share/std_msgs/cmake)
[1.145s] -- Found rosidl_generator_c: 3.1.8 (/opt/ros/humble/share/rosidl_generator_c/cmake)
[1.149s] -- Found rosidl_adapter: 3.1.8 (/opt/ros/humble/share/rosidl_adapter/cmake)
[1.156s] -- Found rosidl_generator_cpp: 3.1.8 (/opt/ros/humble/share/rosidl_generator_cpp/cmake)
[1.167s] -- Using all available rosidl_typesupport_c: rosidl_typesupport_fastrtps_c;rosidl_typesupport_introspection_c
[1.181s] -- Using all available rosidl_typesupport_cpp: rosidl_typesupport_fastrtps_cpp;rosidl_typesupport_introspection_cpp
[1.205s] -- Found geometry_msgs: 4.9.1 (/opt/ros/humble/share/geometry_msgs/cmake)
[1.218s] -- Found ackermann_msgs: 2.0.2 (/opt/ros/humble/share/ackermann_msgs/cmake)
[1.231s] -- Found sensor_msgs: 4.9.1 (/opt/ros/humble/share/sensor_msgs/cmake)
[1.249s] -- Found gazebo_msgs: 3.9.0 (/opt/ros/humble/share/gazebo_msgs/cmake)
[1.288s] -- Found tf2: 0.25.18 (/opt/ros/humble/share/tf2/cmake)
[1.298s] -- Found tf2_ros: 0.25.19 (/opt/ros/humble/share/tf2_ros/cmake)
[1.358s] -- Found rmw_implementation_cmake: 6.1.2 (/opt/ros/humble/share/rmw_implementation_cmake/cmake)
[1.362s] -- Found rmw_fastrtps_cpp: 6.2.10 (/opt/ros/humble/share/rmw_fastrtps_cpp/cmake)
[1.436s] -- Found OpenSSL: /usr/lib/x86_64-linux-gnu/libcrypto.so (found version "3.0.2")  
[1.462s] -- Found FastRTPS: /opt/ros/humble/include  
[1.501s] -- Using RMW implementation 'rmw_fastrtps_cpp' as default
[1.510s] -- Looking for pthread.h
[1.577s] -- Looking for pthread.h - found
[1.577s] -- Performing Test CMAKE_HAVE_LIBC_PTHREAD
[1.648s] -- Performing Test CMAKE_HAVE_LIBC_PTHREAD - Success
[1.649s] -- Found Threads: TRUE  
[1.745s] -- Found tf2_geometry_msgs: 0.25.19 (/opt/ros/humble/share/tf2_geometry_msgs/cmake)
[1.760s] -- Found eigen3_cmake_module: 0.1.1 (/opt/ros/humble/share/eigen3_cmake_module/cmake)
[1.761s] -- Found Eigen3: TRUE (found version "3.4.0") 
[1.762s] -- Ensuring Eigen3 include directory is part of orocos-kdl CMake target
[1.765s] -- Found ament_lint_auto: 0.12.15 (/opt/ros/humble/share/ament_lint_auto/cmake)
[1.849s] -- Added test 'copyright' to check source files copyright and LICENSE
[1.852s] -- Added test 'flake8' to check Python code syntax and style conventions
[1.853s] -- Added test 'lint_cmake' to check CMake code style
[1.853s] -- Added test 'pep257' to check Python code against some of the docstring style conventions in PEP 257
[1.855s] -- Added test 'xmllint' to check XML markup files
[1.857s] -- Configuring done
[1.864s] -- Generating done
[1.867s] -- Build files have been written to: /home/tobia2/ECE484/project-site-no-more-duiving/gem_sim/src/build/mp1
[1.875s] Invoked command in '/home/tobia2/ECE484/project-site-no-more-duiving/gem_sim/src/build/mp1' returned '0': CMAKE_PREFIX_PATH=${CMAKE_PREFIX_PATH}:/opt/ros/humble /usr/bin/cmake /home/tobia2/ECE484/project-site-no-more-duiving/gem_sim/src/mp1 -DAMENT_CMAKE_SYMLINK_INSTALL=1 -DCMAKE_INSTALL_PREFIX=/home/tobia2/ECE484/project-site-no-more-duiving/gem_sim/src/install/mp1
[1.877s] Invoking command in '/home/tobia2/ECE484/project-site-no-more-duiving/gem_sim/src/build/mp1': CMAKE_PREFIX_PATH=${CMAKE_PREFIX_PATH}:/opt/ros/humble /usr/bin/cmake --build /home/tobia2/ECE484/project-site-no-more-duiving/gem_sim/src/build/mp1 -- -j12 -l12
[1.916s] Invoked command in '/home/tobia2/ECE484/project-site-no-more-duiving/gem_sim/src/build/mp1' returned '0': CMAKE_PREFIX_PATH=${CMAKE_PREFIX_PATH}:/opt/ros/humble /usr/bin/cmake --build /home/tobia2/ECE484/project-site-no-more-duiving/gem_sim/src/build/mp1 -- -j12 -l12
[1.917s] Invoking command in '/home/tobia2/ECE484/project-site-no-more-duiving/gem_sim/src/build/mp1': CMAKE_PREFIX_PATH=${CMAKE_PREFIX_PATH}:/opt/ros/humble /usr/bin/cmake --install /home/tobia2/ECE484/project-site-no-more-duiving/gem_sim/src/build/mp1
[1.924s] -- Install configuration: ""
[1.925s] -- Execute custom install script
[1.925s] -- Symlinking: /home/tobia2/ECE484/project-site-no-more-duiving/gem_sim/src/install/mp1/share/mp1/launch/mp1_launch.launch
[1.933s] -- Symlinking: /home/tobia2/ECE484/project-site-no-more-duiving/gem_sim/src/install/mp1/share/ament_index/resource_index/package_run_dependencies/mp1
[1.941s] -- Symlinking: /home/tobia2/ECE484/project-site-no-more-duiving/gem_sim/src/install/mp1/share/ament_index/resource_index/parent_prefix_path/mp1
[1.951s] -- Symlinking: /home/tobia2/ECE484/project-site-no-more-duiving/gem_sim/src/install/mp1/share/mp1/environment/ament_prefix_path.sh
[1.961s] -- Symlinking: /home/tobia2/ECE484/project-site-no-more-duiving/gem_sim/src/install/mp1/share/mp1/environment/ament_prefix_path.dsv
[1.969s] -- Symlinking: /home/tobia2/ECE484/project-site-no-more-duiving/gem_sim/src/install/mp1/share/mp1/environment/path.sh
[1.977s] -- Symlinking: /home/tobia2/ECE484/project-site-no-more-duiving/gem_sim/src/install/mp1/share/mp1/environment/path.dsv
[1.984s] -- Symlinking: /home/tobia2/ECE484/project-site-no-more-duiving/gem_sim/src/install/mp1/share/mp1/local_setup.bash
[1.992s] -- Symlinking: /home/tobia2/ECE484/project-site-no-more-duiving/gem_sim/src/install/mp1/share/mp1/local_setup.sh
[2.000s] -- Symlinking: /home/tobia2/ECE484/project-site-no-more-duiving/gem_sim/src/install/mp1/share/mp1/local_setup.zsh
[2.009s] -- Symlinking: /home/tobia2/ECE484/project-site-no-more-duiving/gem_sim/src/install/mp1/share/mp1/local_setup.dsv
[2.017s] -- Symlinking: /home/tobia2/ECE484/project-site-no-more-duiving/gem_sim/src/install/mp1/share/mp1/package.dsv
[2.026s] -- Symlinking: /home/tobia2/ECE484/project-site-no-more-duiving/gem_sim/src/install/mp1/share/ament_index/resource_index/packages/mp1
[2.034s] -- Symlinking: /home/tobia2/ECE484/project-site-no-more-duiving/gem_sim/src/install/mp1/share/mp1/cmake/mp1Config.cmake
[2.042s] -- Symlinking: /home/tobia2/ECE484/project-site-no-more-duiving/gem_sim/src/install/mp1/share/mp1/cmake/mp1Config-version.cmake
[2.050s] -- Symlinking: /home/tobia2/ECE484/project-site-no-more-duiving/gem_sim/src/install/mp1/share/mp1/package.xml
[2.060s] Invoked command in '/home/tobia2/ECE484/project-site-no-more-duiving/gem_sim/src/build/mp1' returned '0': CMAKE_PREFIX_PATH=${CMAKE_PREFIX_PATH}:/opt/ros/humble /usr/bin/cmake --install /home/tobia2/ECE484/project-site-no-more-duiving/gem_sim/src/build/mp1
