-- The C compiler identification is GNU 11.4.0
-- The CXX compiler identification is GNU 11.4.0
-- Detecting C compiler ABI info
-- Detecting C compiler ABI info - done
-- Check for working C compiler: /usr/bin/cc - skipped
-- Detecting C compile features
-- Detecting C compile features - done
-- Detecting CXX compiler ABI info
-- Detecting CXX compiler ABI info - done
-- Check for working CXX compiler: /usr/bin/c++ - skipped
-- Detecting CXX compile features
-- Detecting CXX compile features - done
-- Found ament_cmake: 1.3.13 (/opt/ros/humble/share/ament_cmake/cmake)
-- Found Python3: /usr/bin/python3 (found version "3.10.12") found components: Interpreter 
-- Override CMake install command with custom implementation using symlinks instead of copying resources
-- Configuring done
-- Generating done
-- Build files have been written to: /home/tobia2/ECE484/project-site-no-more-duiving/gem_sim/src/build/gem_launch
-- Install configuration: ""
-- Execute custom install script
-- Symlinking: /home/tobia2/ECE484/project-site-no-more-duiving/gem_sim/src/install/gem_launch/share/gem_launch/launch/gem_drive.launch.py
-- Symlinking: /home/tobia2/ECE484/project-site-no-more-duiving/gem_sim/src/install/gem_launch/share/gem_launch/launch/gem_init.launch.py
-- Symlinking: /home/tobia2/ECE484/project-site-no-more-duiving/gem_sim/src/install/gem_launch/share/gem_launch/launch/rviz.launch.py
-- Symlinking: /home/tobia2/ECE484/project-site-no-more-duiving/gem_sim/src/install/gem_launch/share/gem_launch/config_rviz/gem_ros2.rviz
-- Symlinking: /home/tobia2/ECE484/project-site-no-more-duiving/gem_sim/src/install/gem_launch/share/gem_launch/config_rviz/gem_velodyne.rviz
-- Symlinking: /home/tobia2/ECE484/project-site-no-more-duiving/gem_sim/src/install/gem_launch/share/gem_launch/config_rviz/reference/gem.rviz
-- Symlinking: /home/tobia2/ECE484/project-site-no-more-duiving/gem_sim/src/install/gem_launch/share/gem_launch/config_rviz/reference/gem_mp3.rviz
-- Symlinking: /home/tobia2/ECE484/project-site-no-more-duiving/gem_sim/src/install/gem_launch/share/gem_launch/config_rviz/reference/gem_velodyne_stereo.rviz
-- Symlinking: /home/tobia2/ECE484/project-site-no-more-duiving/gem_sim/src/install/gem_launch/share/ament_index/resource_index/package_run_dependencies/gem_launch
-- Symlinking: /home/tobia2/ECE484/project-site-no-more-duiving/gem_sim/src/install/gem_launch/share/ament_index/resource_index/parent_prefix_path/gem_launch
-- Symlinking: /home/tobia2/ECE484/project-site-no-more-duiving/gem_sim/src/install/gem_launch/share/gem_launch/environment/ament_prefix_path.sh
-- Symlinking: /home/tobia2/ECE484/project-site-no-more-duiving/gem_sim/src/install/gem_launch/share/gem_launch/environment/ament_prefix_path.dsv
-- Symlinking: /home/tobia2/ECE484/project-site-no-more-duiving/gem_sim/src/install/gem_launch/share/gem_launch/environment/path.sh
-- Symlinking: /home/tobia2/ECE484/project-site-no-more-duiving/gem_sim/src/install/gem_launch/share/gem_launch/environment/path.dsv
-- Symlinking: /home/tobia2/ECE484/project-site-no-more-duiving/gem_sim/src/install/gem_launch/share/gem_launch/local_setup.bash
-- Symlinking: /home/tobia2/ECE484/project-site-no-more-duiving/gem_sim/src/install/gem_launch/share/gem_launch/local_setup.sh
-- Symlinking: /home/tobia2/ECE484/project-site-no-more-duiving/gem_sim/src/install/gem_launch/share/gem_launch/local_setup.zsh
-- Symlinking: /home/tobia2/ECE484/project-site-no-more-duiving/gem_sim/src/install/gem_launch/share/gem_launch/local_setup.dsv
-- Symlinking: /home/tobia2/ECE484/project-site-no-more-duiving/gem_sim/src/install/gem_launch/share/gem_launch/package.dsv
-- Symlinking: /home/tobia2/ECE484/project-site-no-more-duiving/gem_sim/src/install/gem_launch/share/ament_index/resource_index/packages/gem_launch
-- Symlinking: /home/tobia2/ECE484/project-site-no-more-duiving/gem_sim/src/install/gem_launch/share/gem_launch/cmake/gem_launchConfig.cmake
-- Symlinking: /home/tobia2/ECE484/project-site-no-more-duiving/gem_sim/src/install/gem_launch/share/gem_launch/cmake/gem_launchConfig-version.cmake
-- Symlinking: /home/tobia2/ECE484/project-site-no-more-duiving/gem_sim/src/install/gem_launch/share/gem_launch/package.xml
