[0.007s] Invoking command in '/home/tobia2/ECE484/project-site-no-more-duiving/gem_sim/src/build/gem_launch': AMENT_PREFIX_PATH=/home/tobia2/ECE484/project-site-no-more-duiving/gem_sim/src/install/gem_gazebo:/home/tobia2/ECE484/project-site-no-more-duiving/gem_sim/src/install/gem_description:${AMENT_PREFIX_PATH} CMAKE_PREFIX_PATH=/home/tobia2/ECE484/project-site-no-more-duiving/gem_sim/src/install/gem_gazebo:/home/tobia2/ECE484/project-site-no-more-duiving/gem_sim/src/install/gem_description:/home/tobia2/ECE484/project-site-no-more-duiving/src/gem_simulator/install/gem_launch:/home/tobia2/ECE484/project-site-no-more-duiving/src/gem_simulator/install/gem_gazebo:/home/tobia2/ECE484/project-site-no-more-duiving/src/gem_simulator/install/gem_description:/home/tobia2/ECE484/project-site-no-more-duiving/gem_sim/install/gem_launch:/home/tobia2/ECE484/project-site-no-more-duiving/gem_sim/install/gem_gazebo:/home/tobia2/ECE484/project-site-no-more-duiving/gem_sim/install/gem_description:/opt/ros/humble /usr/bin/cmake /home/tobia2/ECE484/project-site-no-more-duiving/gem_sim/src/gem_simulator/gem_launch -DAMENT_CMAKE_SYMLINK_INSTALL=1 -DCMAKE_INSTALL_PREFIX=/home/tobia2/ECE484/project-site-no-more-duiving/gem_sim/src/install/gem_launch
[0.057s] -- The C compiler identification is GNU 11.4.0
[0.108s] -- The CXX compiler identification is GNU 11.4.0
[0.116s] -- Detecting C compiler ABI info
[0.178s] -- Detecting C compiler ABI info - done
[0.185s] -- Check for working C compiler: /usr/bin/cc - skipped
[0.186s] -- Detecting C compile features
[0.186s] -- Detecting C compile features - done
[0.189s] -- Detecting CXX compiler ABI info
[0.260s] -- Detecting CXX compiler ABI info - done
[0.266s] -- Check for working CXX compiler: /usr/bin/c++ - skipped
[0.266s] -- Detecting CXX compile features
[0.266s] -- Detecting CXX compile features - done
[0.269s] -- Found ament_cmake: 1.3.13 (/opt/ros/humble/share/ament_cmake/cmake)
[0.998s] -- Found Python3: /usr/bin/python3 (found version "3.10.12") found components: Interpreter 
[1.058s] -- Override CMake install command with custom implementation using symlinks instead of copying resources
[1.140s] -- Configuring done
[1.144s] -- Generating done
[1.146s] -- Build files have been written to: /home/tobia2/ECE484/project-site-no-more-duiving/gem_sim/src/build/gem_launch
[1.149s] Invoked command in '/home/tobia2/ECE484/project-site-no-more-duiving/gem_sim/src/build/gem_launch' returned '0': AMENT_PREFIX_PATH=/home/tobia2/ECE484/project-site-no-more-duiving/gem_sim/src/install/gem_gazebo:/home/tobia2/ECE484/project-site-no-more-duiving/gem_sim/src/install/gem_description:${AMENT_PREFIX_PATH} CMAKE_PREFIX_PATH=/home/tobia2/ECE484/project-site-no-more-duiving/gem_sim/src/install/gem_gazebo:/home/tobia2/ECE484/project-site-no-more-duiving/gem_sim/src/install/gem_description:/home/tobia2/ECE484/project-site-no-more-duiving/src/gem_simulator/install/gem_launch:/home/tobia2/ECE484/project-site-no-more-duiving/src/gem_simulator/install/gem_gazebo:/home/tobia2/ECE484/project-site-no-more-duiving/src/gem_simulator/install/gem_description:/home/tobia2/ECE484/project-site-no-more-duiving/gem_sim/install/gem_launch:/home/tobia2/ECE484/project-site-no-more-duiving/gem_sim/install/gem_gazebo:/home/tobia2/ECE484/project-site-no-more-duiving/gem_sim/install/gem_description:/opt/ros/humble /usr/bin/cmake /home/tobia2/ECE484/project-site-no-more-duiving/gem_sim/src/gem_simulator/gem_launch -DAMENT_CMAKE_SYMLINK_INSTALL=1 -DCMAKE_INSTALL_PREFIX=/home/tobia2/ECE484/project-site-no-more-duiving/gem_sim/src/install/gem_launch
[1.150s] Invoking command in '/home/tobia2/ECE484/project-site-no-more-duiving/gem_sim/src/build/gem_launch': AMENT_PREFIX_PATH=/home/tobia2/ECE484/project-site-no-more-duiving/gem_sim/src/install/gem_gazebo:/home/tobia2/ECE484/project-site-no-more-duiving/gem_sim/src/install/gem_description:${AMENT_PREFIX_PATH} CMAKE_PREFIX_PATH=/home/tobia2/ECE484/project-site-no-more-duiving/gem_sim/src/install/gem_gazebo:/home/tobia2/ECE484/project-site-no-more-duiving/gem_sim/src/install/gem_description:/home/tobia2/ECE484/project-site-no-more-duiving/src/gem_simulator/install/gem_launch:/home/tobia2/ECE484/project-site-no-more-duiving/src/gem_simulator/install/gem_gazebo:/home/tobia2/ECE484/project-site-no-more-duiving/src/gem_simulator/install/gem_description:/home/tobia2/ECE484/project-site-no-more-duiving/gem_sim/install/gem_launch:/home/tobia2/ECE484/project-site-no-more-duiving/gem_sim/install/gem_gazebo:/home/tobia2/ECE484/project-site-no-more-duiving/gem_sim/install/gem_description:/opt/ros/humble /usr/bin/cmake --build /home/tobia2/ECE484/project-site-no-more-duiving/gem_sim/src/build/gem_launch -- -j12 -l12
[1.185s] Invoked command in '/home/tobia2/ECE484/project-site-no-more-duiving/gem_sim/src/build/gem_launch' returned '0': AMENT_PREFIX_PATH=/home/tobia2/ECE484/project-site-no-more-duiving/gem_sim/src/install/gem_gazebo:/home/tobia2/ECE484/project-site-no-more-duiving/gem_sim/src/install/gem_description:${AMENT_PREFIX_PATH} CMAKE_PREFIX_PATH=/home/tobia2/ECE484/project-site-no-more-duiving/gem_sim/src/install/gem_gazebo:/home/tobia2/ECE484/project-site-no-more-duiving/gem_sim/src/install/gem_description:/home/tobia2/ECE484/project-site-no-more-duiving/src/gem_simulator/install/gem_launch:/home/tobia2/ECE484/project-site-no-more-duiving/src/gem_simulator/install/gem_gazebo:/home/tobia2/ECE484/project-site-no-more-duiving/src/gem_simulator/install/gem_description:/home/tobia2/ECE484/project-site-no-more-duiving/gem_sim/install/gem_launch:/home/tobia2/ECE484/project-site-no-more-duiving/gem_sim/install/gem_gazebo:/home/tobia2/ECE484/project-site-no-more-duiving/gem_sim/install/gem_description:/opt/ros/humble /usr/bin/cmake --build /home/tobia2/ECE484/project-site-no-more-duiving/gem_sim/src/build/gem_launch -- -j12 -l12
[1.186s] Invoking command in '/home/tobia2/ECE484/project-site-no-more-duiving/gem_sim/src/build/gem_launch': AMENT_PREFIX_PATH=/home/tobia2/ECE484/project-site-no-more-duiving/gem_sim/src/install/gem_gazebo:/home/tobia2/ECE484/project-site-no-more-duiving/gem_sim/src/install/gem_description:${AMENT_PREFIX_PATH} CMAKE_PREFIX_PATH=/home/tobia2/ECE484/project-site-no-more-duiving/gem_sim/src/install/gem_gazebo:/home/tobia2/ECE484/project-site-no-more-duiving/gem_sim/src/install/gem_description:/home/tobia2/ECE484/project-site-no-more-duiving/src/gem_simulator/install/gem_launch:/home/tobia2/ECE484/project-site-no-more-duiving/src/gem_simulator/install/gem_gazebo:/home/tobia2/ECE484/project-site-no-more-duiving/src/gem_simulator/install/gem_description:/home/tobia2/ECE484/project-site-no-more-duiving/gem_sim/install/gem_launch:/home/tobia2/ECE484/project-site-no-more-duiving/gem_sim/install/gem_gazebo:/home/tobia2/ECE484/project-site-no-more-duiving/gem_sim/install/gem_description:/opt/ros/humble /usr/bin/cmake --install /home/tobia2/ECE484/project-site-no-more-duiving/gem_sim/src/build/gem_launch
[1.192s] -- Install configuration: ""
[1.192s] -- Execute custom install script
[1.193s] -- Symlinking: /home/tobia2/ECE484/project-site-no-more-duiving/gem_sim/src/install/gem_launch/share/gem_launch/launch/gem_drive.launch.py
[1.200s] -- Symlinking: /home/tobia2/ECE484/project-site-no-more-duiving/gem_sim/src/install/gem_launch/share/gem_launch/launch/gem_init.launch.py
[1.209s] -- Symlinking: /home/tobia2/ECE484/project-site-no-more-duiving/gem_sim/src/install/gem_launch/share/gem_launch/launch/rviz.launch.py
[1.217s] -- Symlinking: /home/tobia2/ECE484/project-site-no-more-duiving/gem_sim/src/install/gem_launch/share/gem_launch/config_rviz/gem_ros2.rviz
[1.225s] -- Symlinking: /home/tobia2/ECE484/project-site-no-more-duiving/gem_sim/src/install/gem_launch/share/gem_launch/config_rviz/gem_velodyne.rviz
[1.233s] -- Symlinking: /home/tobia2/ECE484/project-site-no-more-duiving/gem_sim/src/install/gem_launch/share/gem_launch/config_rviz/reference/gem.rviz
[1.241s] -- Symlinking: /home/tobia2/ECE484/project-site-no-more-duiving/gem_sim/src/install/gem_launch/share/gem_launch/config_rviz/reference/gem_mp3.rviz
[1.249s] -- Symlinking: /home/tobia2/ECE484/project-site-no-more-duiving/gem_sim/src/install/gem_launch/share/gem_launch/config_rviz/reference/gem_velodyne_stereo.rviz
[1.257s] -- Symlinking: /home/tobia2/ECE484/project-site-no-more-duiving/gem_sim/src/install/gem_launch/share/ament_index/resource_index/package_run_dependencies/gem_launch
[1.265s] -- Symlinking: /home/tobia2/ECE484/project-site-no-more-duiving/gem_sim/src/install/gem_launch/share/ament_index/resource_index/parent_prefix_path/gem_launch
[1.273s] -- Symlinking: /home/tobia2/ECE484/project-site-no-more-duiving/gem_sim/src/install/gem_launch/share/gem_launch/environment/ament_prefix_path.sh
[1.281s] -- Symlinking: /home/tobia2/ECE484/project-site-no-more-duiving/gem_sim/src/install/gem_launch/share/gem_launch/environment/ament_prefix_path.dsv
[1.289s] -- Symlinking: /home/tobia2/ECE484/project-site-no-more-duiving/gem_sim/src/install/gem_launch/share/gem_launch/environment/path.sh
[1.297s] -- Symlinking: /home/tobia2/ECE484/project-site-no-more-duiving/gem_sim/src/install/gem_launch/share/gem_launch/environment/path.dsv
[1.306s] -- Symlinking: /home/tobia2/ECE484/project-site-no-more-duiving/gem_sim/src/install/gem_launch/share/gem_launch/local_setup.bash
[1.315s] -- Symlinking: /home/tobia2/ECE484/project-site-no-more-duiving/gem_sim/src/install/gem_launch/share/gem_launch/local_setup.sh
[1.323s] -- Symlinking: /home/tobia2/ECE484/project-site-no-more-duiving/gem_sim/src/install/gem_launch/share/gem_launch/local_setup.zsh
[1.331s] -- Symlinking: /home/tobia2/ECE484/project-site-no-more-duiving/gem_sim/src/install/gem_launch/share/gem_launch/local_setup.dsv
[1.339s] -- Symlinking: /home/tobia2/ECE484/project-site-no-more-duiving/gem_sim/src/install/gem_launch/share/gem_launch/package.dsv
[1.347s] -- Symlinking: /home/tobia2/ECE484/project-site-no-more-duiving/gem_sim/src/install/gem_launch/share/ament_index/resource_index/packages/gem_launch
[1.355s] -- Symlinking: /home/tobia2/ECE484/project-site-no-more-duiving/gem_sim/src/install/gem_launch/share/gem_launch/cmake/gem_launchConfig.cmake
[1.363s] -- Symlinking: /home/tobia2/ECE484/project-site-no-more-duiving/gem_sim/src/install/gem_launch/share/gem_launch/cmake/gem_launchConfig-version.cmake
[1.371s] -- Symlinking: /home/tobia2/ECE484/project-site-no-more-duiving/gem_sim/src/install/gem_launch/share/gem_launch/package.xml
[1.381s] Invoked command in '/home/tobia2/ECE484/project-site-no-more-duiving/gem_sim/src/build/gem_launch' returned '0': AMENT_PREFIX_PATH=/home/tobia2/ECE484/project-site-no-more-duiving/gem_sim/src/install/gem_gazebo:/home/tobia2/ECE484/project-site-no-more-duiving/gem_sim/src/install/gem_description:${AMENT_PREFIX_PATH} CMAKE_PREFIX_PATH=/home/tobia2/ECE484/project-site-no-more-duiving/gem_sim/src/install/gem_gazebo:/home/tobia2/ECE484/project-site-no-more-duiving/gem_sim/src/install/gem_description:/home/tobia2/ECE484/project-site-no-more-duiving/src/gem_simulator/install/gem_launch:/home/tobia2/ECE484/project-site-no-more-duiving/src/gem_simulator/install/gem_gazebo:/home/tobia2/ECE484/project-site-no-more-duiving/src/gem_simulator/install/gem_description:/home/tobia2/ECE484/project-site-no-more-duiving/gem_sim/install/gem_launch:/home/tobia2/ECE484/project-site-no-more-duiving/gem_sim/install/gem_gazebo:/home/tobia2/ECE484/project-site-no-more-duiving/gem_sim/install/gem_description:/opt/ros/humble /usr/bin/cmake --install /home/tobia2/ECE484/project-site-no-more-duiving/gem_sim/src/build/gem_launch
